<?xml version="1.0" encoding="UTF-8"?>
<testsuite name="testingPurpose.Testing" tests="1" skipped="0" failures="0" errors="0" timestamp="2020-06-14T12:40:11" hostname="Surendar" time="0.25">
  <properties/>
  <testcase name="array" classname="testingPurpose.Testing" time="0.25"/>
  <system-out><![CDATA[[asdas, asdasd, asd]
[ssd, asd, sdf]
asd
sdf
[[sad, asdasd], [asd, asdsd]]
[8.3, 3.43, 234.0, 32.34, 343.0]
[1, 34, 7, 89]
[qwe, ter, tyuy]
[23, 45, 34, husd]
23
45
34
husd
23
45
34
husd
4
23
45
34
husd
45
]]></system-out>
  <system-err><![CDATA[]]></system-err>
</testsuite>
