<?xml version="1.0" encoding="UTF-8"?>
<!-- Generated by org.testng.reporters.JUnitReportReporter -->
<testsuite skipped="0" hostname="Embibes-MacBook-Air-5.local" name="questions.QuestionCreationAllTypes" tests="1" failures="0" timestamp="18 Feb 2020 10:46:59 GMT" time="141.284" errors="0">
  <testcase name="createSubjectiveQuestion" time="141.284" classname="questions.QuestionCreationAllTypes"/>
</testsuite> <!-- questions.QuestionCreationAllTypes -->
